C:\Program Files (x86)\Microsoft Visual Studio\2019\Community\MSBuild\Microsoft\VC\v160\Microsoft.CppBuild.targets(459,5): warning MSB8028: The intermediate directory (x64\Release\) contains files shared from another project (RT_ILRMA_RLS.vcxproj).  This can lead to incorrect clean and rebuild behavior.
  asio.cpp
  asiodrivers.cpp
  asiolist.cpp
C:\Users\신의협\Github\RT_AUXIVA_ICD_RLS\asiolist.cpp(57,42): warning C4267: '인수': 'size_t'에서 'DWORD'(으)로 변환하면서 데이터가 손실될 수 있습니다.
C:\Users\신의협\Github\RT_AUXIVA_ICD_RLS\asiolist.cpp(64,43): warning C4267: '인수': 'size_t'에서 'DWORD'(으)로 변환하면서 데이터가 손실될 수 있습니다.
  AUXIVA_ICD_Online.cpp
  iasiothiscallresolver.cpp
  main.cpp
C:\Users\신의협\Github\RT_AUXIVA_ICD_RLS\main.cpp(215,16): warning C4018: '<': signed 또는 unsigned가 일치하지 않습니다.
C:\Users\신의협\Github\RT_AUXIVA_ICD_RLS\main.cpp(217,22): warning C4244: '=': 'double'에서 'MY_TYPE'(으)로 변환하면서 데이터가 손실될 수 있습니다.
C:\Users\신의협\Github\RT_AUXIVA_ICD_RLS\main.cpp(244,20): warning C4018: '<': signed 또는 unsigned가 일치하지 않습니다.
C:\Users\신의협\Github\RT_AUXIVA_ICD_RLS\main.cpp(246,19): warning C4018: '<': signed 또는 unsigned가 일치하지 않습니다.
C:\Users\신의협\Github\RT_AUXIVA_ICD_RLS\main.cpp(262,21): warning C4018: '<': signed 또는 unsigned가 일치하지 않습니다.
C:\Users\신의협\Github\RT_AUXIVA_ICD_RLS\main.cpp(264,20): warning C4018: '<': signed 또는 unsigned가 일치하지 않습니다.
C:\Users\신의협\Github\RT_AUXIVA_ICD_RLS\main.cpp(136,29): warning C4101: 'bufferBytes' :참조되지 않은 지역 변수입니다.
  ProcBuffers.cpp
  RtAudio.cpp
  sigproc.cpp
C:\Users\신의협\Github\RT_AUXIVA_ICD_RLS\sigproc.cpp(251,98): warning C4838: 'size_t'에서 'long'(으)로의 변환에는 축소 변환이 필요합니다.
  stft.cpp
  tools.cpp
  코드를 생성하고 있습니다.
  Previous IPDB not found, fall back to full compilation.
  All 450 functions were compiled because no usable IPDB/IOBJ from previous compilation was found.
  코드를 생성했습니다.
  RT_AUXIVA_ICD_RLS.vcxproj -> C:\Users\신의협\Github\RT_AUXIVA_ICD_RLS\x64\Release\RT_AUXIVA_ICD_RLS.exe
